GET / 302 70 - 20.569 ms
GET /article/list 200 4490 - 282.392 ms
GET /article/list?pageNum=2&pageSize=2 200 4782 - 119.744 ms
GET /article/list?pageNum=2&pageSize=2 304 - - 50.529 ms
GET /article/list?pageNum=3&pageSize=2 200 4733 - 61.691 ms
GET /article/list?pageNum=4&pageSize=2 200 4831 - 46.235 ms
GET /article/list?pageNum=5&pageSize=2 200 4900 - 59.093 ms
GET /article/list?pageNum=6&pageSize=2 200 4765 - 48.349 ms
GET /article/list?pageNum=7&pageSize=2 200 3960 - 52.805 ms
GET /article/list?pageNum=6&pageSize=2 304 - - 56.157 ms
GET /user/reg 200 2833 - 37.713 ms
GET /user/login 200 2441 - 45.235 ms
GET / 302 70 - 9.883 ms
GET /article/list 304 - - 53.777 ms
GET /article/list?pageNum=1&pageSize=2 200 4490 - 137.197 ms
GET /article/list?pageNum=1&pageSize=5 200 5789 - 53.924 ms
GET /article/list?pageNum=1&pageSize=10 200 8741 - 51.671 ms
GET /user/reg 304 - - 79.289 ms
POST /user/reg 302 46 - 625.793 ms
GET / 302 70 - 14.818 ms
GET /article/list 200 4500 - 53.503 ms
GET /article/list?pageNum=2&pageSize=2 200 4792 - 42.186 ms
GET /article/detail/57820fc66674dd3427bf40ec 200 2389 - 50.678 ms
GET /article/delete/57820fc66674dd3427bf40ec 302 46 - 23.453 ms
GET / 302 70 - 13.333 ms
GET /article/list 200 4394 - 61.431 ms
GET /article/list?pageNum=2&pageSize=2 200 4655 - 46.979 ms
GET /article/detail/57820fcbb293d158128586e2 200 2374 - 43.556 ms
GET /article/delete/57820fcbb293d158128586e2 302 46 - 58.674 ms
GET / 302 70 - 20.660 ms
GET /article/list 304 - - 46.142 ms
GET /article/list?pageNum=2&pageSize=2 200 4637 - 45.964 ms
GET /article/list?pageNum=3&pageSize=2 200 4735 - 57.256 ms
GET /article/detail/57820f2e056b7f782278fb51 200 2411 - 35.260 ms
GET /article/delete/57820f2e056b7f782278fb51 302 46 - 54.681 ms
GET / 302 70 - 23.578 ms
GET /article/list 200 4288 - 73.386 ms
GET /article/list?pageNum=2&pageSize=2 200 4531 - 54.969 ms
GET /article/list?pageNum=2&pageSize=2 304 - - 47.462 ms
GET /article/list?pageNum=3&pageSize=2 200 4592 - 42.680 ms
GET /article/detail/57820fd16674dd3427bf40ed 200 2395 - 84.591 ms
GET /article/delete/57820fd16674dd3427bf40ed 302 46 - 326.531 ms
GET / 302 70 - 14.598 ms
GET /article/list 304 - - 52.717 ms
GET /article/list?pageNum=4&pageSize=2 200 4563 - 39.390 ms
GET /article/detail/57821639d61483b41336bb2b 200 2367 - 25.505 ms
GET /article/delete/57821639d61483b41336bb2b 302 46 - 17.161 ms
GET / 302 70 - 14.877 ms
GET /article/list 200 4182 - 49.346 ms
GET /article/list?pageNum=4&pageSize=2 200 4231 - 50.111 ms
GET /article/detail/57820f28056b7f782278fb50 200 2371 - 39.176 ms
GET /article/delete/57820f28056b7f782278fb50 302 46 - 25.172 ms
GET / 302 70 - 62.849 ms
GET /article/list 304 - - 80.533 ms
GET /article/list?pageNum=1&pageSize=10 200 6607 - 50.397 ms
GET /article/detail/57820fdab293d158128586e3 200 2380 - 35.266 ms
GET /article/delete/57820fdab293d158128586e3 302 46 - 16.077 ms
GET / 302 70 - 18.590 ms
GET /article/list 200 4076 - 57.746 ms
GET /article/detail/57820fc9c82e79900d1d3b45 200 2358 - 72.081 ms
GET /article/delete/57820fc9c82e79900d1d3b45 302 46 - 28.793 ms
GET / 302 70 - 12.593 ms
GET /article/list 200 4076 - 46.649 ms
GET /article/detail/57820fc5c82e79900d1d3b44 200 2358 - 39.830 ms
GET /article/delete/57820fc5c82e79900d1d3b44 302 46 - 17.424 ms
GET / 302 70 - 18.569 ms
GET /article/list 200 3970 - 104.466 ms
GET /article/detail/57820fcdc82e79900d1d3b46 200 2358 - 34.001 ms
GET /article/delete/57820fcdc82e79900d1d3b46 302 46 - 16.773 ms
GET / 302 70 - 12.096 ms
GET /article/list 200 4113 - 61.090 ms
GET /article/detail/57820fd0c82e79900d1d3b47 200 2358 - 31.737 ms
GET /article/delete/57820fd0c82e79900d1d3b47 302 46 - 33.728 ms
GET / 302 70 - 16.158 ms
GET /article/list 200 3792 - 72.834 ms
GET /article/detail/57820b1bd62ad134229d24da 200 2492 - 35.062 ms
GET /article/delete/57820b1bd62ad134229d24da 302 46 - 26.272 ms
GET / 302 70 - 17.058 ms
GET /article/list 200 3091 - 80.041 ms
GET /article/detail/57820fd3c82e79900d1d3b48 200 2382 - 28.263 ms
GET /article/delete/57820fd3c82e79900d1d3b48 302 46 - 19.618 ms
GET / 302 70 - 13.244 ms
GET /article/list 200 2397 - 34.878 ms
GET /article/list?pageNum=1&pageSize=10 200 2397 - 27.820 ms
GET /article/list?pageNum=1&pageSize=5 200 2397 - 34.977 ms
GET /article/list?pageNum=1&pageSize=2 200 2397 - 43.177 ms
GET /article/add 200 2470 - 88.875 ms
GET / 302 70 - 18.549 ms
GET /article/list 304 - - 61.889 ms
GET /article/list?keyword= 200 2397 - 34.426 ms
GET / 302 70 - 2.862 ms
GET /article/list 200 2384 - 34.732 ms
GET /user/reg 200 2830 - 11.178 ms
POST /user/reg 302 46 - 35.167 ms
GET / 302 70 - 12.866 ms
GET /article/list 200 2394 - 50.908 ms
GET /article/add 200 2467 - 17.218 ms
POST /article/add 302 46 - 28.896 ms
GET / 302 70 - 22.038 ms
GET /article/list 200 3086 - 52.903 ms
GET /article/list?pageNum=1&pageSize=2 200 3086 - 60.381 ms
GET /article/list?pageNum=1&pageSize=5 200 3086 - 73.524 ms
GET /article/list?pageNum=1&pageSize=10 200 3087 - 42.280 ms
GET /article/list?pageNum=1&pageSize=10 304 - - 36.097 ms
